<?xml version="1.0" encoding="UTF-8"?>
<!-- Generated by org.testng.reporters.JUnitReportReporter -->
<testsuite skipped="0" hostname="DESKTOP-8EQSD1V" name="com.qa.FurnitureStore.TestCases.RegisterAccountPageTest" tests="1" failures="0" timestamp="22 May 2021 13:30:55 GMT" time="26.052" errors="0">
  <testcase name="setRegisterValidData" time="26.052" classname="com.qa.FurnitureStore.TestCases.RegisterAccountPageTest"/>
</testsuite> <!-- com.qa.FurnitureStore.TestCases.RegisterAccountPageTest -->
