<?xml version="1.0" encoding="UTF-8"?>
<!-- Generated by org.testng.reporters.JUnitReportReporter -->
<testsuite skipped="0" hostname="DESKTOP-8EQSD1V" name="com.qa.FurnitureStore.TestCases.RegisterAccountPageTest" tests="5" failures="0" timestamp="22 May 2021 13:19:10 GMT" time="118.856" errors="0">
  <testcase name="setRegisterValidData" time="24.402" classname="com.qa.FurnitureStore.TestCases.RegisterAccountPageTest"/>
  <testcase name="setRegisterValidData" time="22.968" classname="com.qa.FurnitureStore.TestCases.RegisterAccountPageTest"/>
  <testcase name="setRegisterValidData" time="23.414" classname="com.qa.FurnitureStore.TestCases.RegisterAccountPageTest"/>
  <testcase name="setRegisterValidData" time="23.524" classname="com.qa.FurnitureStore.TestCases.RegisterAccountPageTest"/>
  <testcase name="setRegisterValidData" time="24.548" classname="com.qa.FurnitureStore.TestCases.RegisterAccountPageTest"/>
</testsuite> <!-- com.qa.FurnitureStore.TestCases.RegisterAccountPageTest -->
