<?xml version="1.0" encoding="UTF-8"?>
<!-- Generated by org.testng.reporters.JUnitReportReporter -->
<testsuite skipped="0" hostname="DESKTOP-8EQSD1V" name="com.qa.FurnitureStore.TestCases.ContactUsPageTest" tests="1" failures="0" timestamp="22 May 2021 12:21:53 GMT" time="18.715" errors="0">
  <testcase name="enterSubmitBtnWithValidDataTest" time="18.715" classname="com.qa.FurnitureStore.TestCases.ContactUsPageTest"/>
</testsuite> <!-- com.qa.FurnitureStore.TestCases.ContactUsPageTest -->
