<?xml version="1.0" encoding="UTF-8"?>
<!-- Generated by org.testng.reporters.JUnitReportReporter -->
<testsuite skipped="0" hostname="DESKTOP-8EQSD1V" name="com.qa.FurnitureStore.TestCases.HomePageTest" tests="1" failures="0" timestamp="14 May 2021 10:08:38 GMT" time="49.779" errors="0">
  <testcase name="ClickMostPopularProductLinkpageTest" time="49.779" classname="com.qa.FurnitureStore.TestCases.HomePageTest"/>
</testsuite> <!-- com.qa.FurnitureStore.TestCases.HomePageTest -->
