<?xml version="1.0" encoding="UTF-8"?>
<!-- Generated by org.testng.reporters.JUnitReportReporter -->
<testsuite skipped="0" hostname="DESKTOP-8EQSD1V" name="com.qa.FurnitureStore.TestCases.FooterLinkPageTest" tests="1" failures="0" timestamp="15 May 2021 17:01:05 GMT" time="71.240" errors="0">
  <testcase name="validateLinkUnerFooterLinkTest" time="71.240" classname="com.qa.FurnitureStore.TestCases.FooterLinkPageTest"/>
</testsuite> <!-- com.qa.FurnitureStore.TestCases.FooterLinkPageTest -->
