<?xml version="1.0" encoding="UTF-8"?>
<!-- Generated by org.testng.reporters.JUnitReportReporter -->
<testsuite skipped="0" hostname="DESKTOP-8EQSD1V" name="com.qa.FurnitureStore.TestCases.LoginPageTest" tests="7" failures="0" timestamp="10 May 2021 11:52:56 GMT" time="133.087" errors="0">
  <testcase name="ValidateLoginPageTitleTest" time="13.488" classname="com.qa.FurnitureStore.TestCases.LoginPageTest"/>
  <testcase name="validateLoginPageLableTitle" time="13.060" classname="com.qa.FurnitureStore.TestCases.LoginPageTest"/>
  <testcase name="ClickContinueBtnLoginPageTest" time="23.646" classname="com.qa.FurnitureStore.TestCases.LoginPageTest"/>
  <testcase name="ClickForgotPasswordBtnLoginPageTest" time="24.273" classname="com.qa.FurnitureStore.TestCases.LoginPageTest"/>
  <testcase name="LogingWithEmptyDataPageTest" time="16.433" classname="com.qa.FurnitureStore.TestCases.LoginPageTest"/>
  <testcase name="LogingWithInvalidDataPageTest" time="21.131" classname="com.qa.FurnitureStore.TestCases.LoginPageTest"/>
  <testcase name="LogingWithValidDataPageTest" time="21.056" classname="com.qa.FurnitureStore.TestCases.LoginPageTest"/>
</testsuite> <!-- com.qa.FurnitureStore.TestCases.LoginPageTest -->
